<?xml version="1.0" encoding="UTF-8" standalone="no"?>
<testsuite errors="0" failures="0" name="io.cucumber.core.plugin.JUnitFormatter" skipped="0" tests="2" time="105.381">
    <testcase classname="feature to test google search results" name="validate google search functionality" time="104.918">
        <system-out><![CDATA[Given Browser is open.......................................................passed
When User is on the google search page......................................passed
Then Search results should be ready.........................................passed
]]></system-out>
    </testcase>
    <testcase classname="feature to test login functionality" name="Check login credentials" time="0.006">
        <system-out><![CDATA[Given user is on login page.................................................passed
When user enters username and password......................................passed
And clicks on login button..................................................passed
Then user is navigated to home page.........................................passed
]]></system-out>
    </testcase>
</testsuite>
