<?xml version="1.0" encoding="UTF-8" standalone="no"?>
<testsuite errors="0" failures="0" name="io.cucumber.core.plugin.JUnitFormatter" skipped="0" tests="2" time="76.521">
    <testcase classname="Login opencart application" name="Login Data Driven  using Map" time="62.325">
        <system-out><![CDATA[Given User Launch  the required  browser....................................passed
When User opens the  URL....................................................passed
And User enters the valid credentials username  and password................passed
When Click on Login button..................................................passed
Then Navigated to home page.................................................passed
And close the  browser......................................................passed
]]></system-out>
    </testcase>
    <testcase classname="Login opencart application" name="Home page navigation" time="13.153">
        <system-out><![CDATA[Given close the important security information..............................passed
Then user can view dashboard................................................passed
When user click on the sales button.........................................passed
Then user click on the sales orders subtab..................................passed
And user can view existing order details....................................passed
Then user can add new orders................................................passed
And user click on the add item tab..........................................passed
Then user can choose product................................................passed
And user can choose options.................................................passed
Then user can save add item.................................................passed
And close the add item tab..................................................passed
]]></system-out>
    </testcase>
</testsuite>
