<?xml version="1.0" encoding="UTF-8" standalone="no"?>
<testsuite errors="0" failures="0" name="io.cucumber.core.plugin.JUnitFormatter" skipped="0" tests="1" time="38.751">
    <testcase classname="Login" name="Verify the login with valid credentials" time="38.107">
        <system-out><![CDATA[Given user launch chrome browser............................................passed
When user opens the url.....................................................passed
And user enters email id and password.......................................passed
And Click on login button...................................................passed
Then Navigated to the home page.............................................passed
When user click on the Logout link..........................................passed
Then page title should be other.............................................passed
And closes the browser......................................................passed
]]></system-out>
    </testcase>
</testsuite>
